=== DEBUG FORM DATA ===
  位号: rrr...
  名称: rrr...
  装置名称: rrrr...
  设备等级: None...
  型号规格: None...
  生产厂家: None...
  安装位置及用途: None...
  设备编号: None...
  是否联锁: None...
  工艺条件_介质名称: None...
  工艺条件_设计温度: None...
  工艺条件_阀前压力: None...
  工艺条件_阀后压力: None...
  阀体_公称通径: None...
  阀体_连接方式及规格: None...
  阀体_材质: None...
  阀内件_阀座直径: None...
  阀内件_阀芯材质: None...
  阀内件_阀座材质: None...
  阀内件_阀杆材质: None...
  阀内件_流量特性: None...
  阀内件_泄露等级: None...
  阀内件_Cv值: None...
  执行机构_形式: None...
  执行机构_型号规格: None...
  执行机构_厂家: None...
  执行机构_作用形式: None...
  执行机构_行程: None...
  执行机构_弹簧范围: None...
  执行机构_气源压力: None...
  执行机构_故障位置: None...
  执行机构_关阀时间: None...
  执行机构_开阀时间: None...
  attachment_type: None...
  attachment_name: None...
  attachment_grade: None...
  attachment_model: None...
  attachment_manufacturer: None...
  valve_id: null...
  attachments: []...
=======================
DEBUG: attachments_json = '[]'
DEBUG: parsed attachments = []
=== DEBUG FORM DATA ===
  位号: 撒旦发射点发...
  名称:  发撒地方...
  装置名称: 撒地方撒地方...
  设备等级: None...
  型号规格: None...
  生产厂家: None...
  安装位置及用途: None...
  设备编号: None...
  是否联锁: None...
  工艺条件_介质名称: None...
  工艺条件_设计温度: None...
  工艺条件_阀前压力: None...
  工艺条件_阀后压力: None...
  阀体_公称通径: None...
  阀体_连接方式及规格: None...
  阀体_材质: None...
  阀内件_阀座直径: None...
  阀内件_阀芯材质: None...
  阀内件_阀座材质: None...
  阀内件_阀杆材质: None...
  阀内件_流量特性: None...
  阀内件_泄露等级: None...
  阀内件_Cv值: None...
  执行机构_形式: None...
  执行机构_型号规格: None...
  执行机构_厂家: None...
  执行机构_作用形式: None...
  执行机构_行程: None...
  执行机构_弹簧范围: None...
  执行机构_气源压力: None...
  执行机构_故障位置: None...
  执行机构_关阀时间: None...
  执行机构_开阀时间: None...
  attachment_type: None...
  attachment_name: None...
  attachment_grade: None...
  attachment_model: None...
  attachment_manufacturer: None...
  valve_id: null...
  attachments: []...
=======================
DEBUG: attachments_json = '[]'
DEBUG: parsed attachments = []
=== DEBUG FORM DATA ===
  位号: 涛涛涛涛...
  名称: 涛涛涛涛...
  装置名称: 涛涛涛涛...
  设备等级: None...
  型号规格: None...
  生产厂家: None...
  安装位置及用途: None...
  设备编号: None...
  是否联锁: None...
  工艺条件_介质名称: None...
  工艺条件_设计温度: None...
  工艺条件_阀前压力: None...
  工艺条件_阀后压力: None...
  阀体_公称通径: None...
  阀体_连接方式及规格: None...
  阀体_材质: None...
  阀内件_阀座直径: None...
  阀内件_阀芯材质: None...
  阀内件_阀座材质: None...
  阀内件_阀杆材质: None...
  阀内件_流量特性: None...
  阀内件_泄露等级: None...
  阀内件_Cv值: None...
  执行机构_形式: None...
  执行机构_型号规格: None...
  执行机构_厂家: None...
  执行机构_作用形式: None...
  执行机构_行程: None...
  执行机构_弹簧范围: None...
  执行机构_气源压力: None...
  执行机构_故障位置: None...
  执行机构_关阀时间: None...
  执行机构_开阀时间: None...
  attachment_type: None...
  attachment_name: None...
  attachment_grade: None...
  attachment_model: None...
  attachment_manufacturer: None...
  valve_id: null...
  attachments: []...
=======================
DEBUG: attachments_json = '[]'
DEBUG: parsed attachments = []
=== DEBUG FORM DATA ===
  位号: 二幺幺医院...
  名称: 有有有由于...
  装置名称: 永远永远...
  设备等级: None...
  型号规格: None...
  生产厂家: None...
  安装位置及用途: None...
  设备编号: None...
  是否联锁: None...
  工艺条件_介质名称: None...
  工艺条件_设计温度: None...
  工艺条件_阀前压力: None...
  工艺条件_阀后压力: None...
  阀体_公称通径: None...
  阀体_连接方式及规格: None...
  阀体_材质: None...
  阀内件_阀座直径: None...
  阀内件_阀芯材质: None...
  阀内件_阀座材质: None...
  阀内件_阀杆材质: None...
  阀内件_流量特性: None...
  阀内件_泄露等级: None...
  阀内件_Cv值: None...
  执行机构_形式: None...
  执行机构_型号规格: None...
  执行机构_厂家: None...
  执行机构_作用形式: None...
  执行机构_行程: None...
  执行机构_弹簧范围: None...
  执行机构_气源压力: None...
  执行机构_故障位置: None...
  执行机构_关阀时间: None...
  执行机构_开阀时间: None...
  attachment_type: None...
  attachment_name: None...
  attachment_grade: None...
  attachment_model: None...
  attachment_manufacturer: None...
  valve_id: null...
  attachments: []...
=======================
DEBUG: attachments_json = '[]'
DEBUG: parsed attachments = []
=== DEBUG FORM DATA ===
  位号: 饿饿饿饿饿通天塔...
  名称: 永远永远...
  装置名称: 永远永远...
  设备等级: None...
  型号规格: None...
  生产厂家: None...
  安装位置及用途: None...
  设备编号: None...
  是否联锁: None...
  工艺条件_介质名称: None...
  工艺条件_设计温度: None...
  工艺条件_阀前压力: None...
  工艺条件_阀后压力: None...
  阀体_公称通径: None...
  阀体_连接方式及规格: None...
  阀体_材质: None...
  阀内件_阀座直径: None...
  阀内件_阀芯材质: None...
  阀内件_阀座材质: None...
  阀内件_阀杆材质: None...
  阀内件_流量特性: None...
  阀内件_泄露等级: None...
  阀内件_Cv值: None...
  执行机构_形式: None...
  执行机构_型号规格: None...
  执行机构_厂家: None...
  执行机构_作用形式: None...
  执行机构_行程: None...
  执行机构_弹簧范围: None...
  执行机构_气源压力: None...
  执行机构_故障位置: None...
  执行机构_关阀时间: None...
  执行机构_开阀时间: None...
  attachment_type: None...
  attachment_name: None...
  attachment_grade: None...
  attachment_model: None...
  attachment_manufacturer: None...
  valve_id: null...
  attachments: []...
=======================
DEBUG: attachments_json = '[]'
DEBUG: parsed attachments = []
=== DEBUG FORM DATA ===
  位号: 分分分...
  名称: 二分法...
  装置名称: 二分法...
  设备等级: None...
  型号规格: None...
  生产厂家: None...
  安装位置及用途: None...
  设备编号: None...
  是否联锁: None...
  工艺条件_介质名称: None...
  工艺条件_设计温度: None...
  工艺条件_阀前压力: None...
  工艺条件_阀后压力: None...
  阀体_公称通径: None...
  阀体_连接方式及规格: None...
  阀体_材质: None...
  阀内件_阀座直径: None...
  阀内件_阀芯材质: None...
  阀内件_阀座材质: None...
  阀内件_阀杆材质: None...
  阀内件_流量特性: None...
  阀内件_泄露等级: None...
  阀内件_Cv值: None...
  执行机构_形式: None...
  执行机构_型号规格: None...
  执行机构_厂家: None...
  执行机构_作用形式: None...
  执行机构_行程: None...
  执行机构_弹簧范围: None...
  执行机构_气源压力: None...
  执行机构_故障位置: None...
  执行机构_关阀时间: None...
  执行机构_开阀时间: None...
  attachment_type: None...
  attachment_name: None...
  attachment_grade: None...
  attachment_model: None...
  attachment_manufacturer: None...
  valve_id: null...
  attachments: []...
=======================
DEBUG: attachments_json = '[]'
DEBUG: parsed attachments = []
=== DEBUG FORM DATA ===
  位号: 很好...
  名称: 哈哈哈...
  装置名称: 很好...
  设备等级: None...
  型号规格: None...
  生产厂家: None...
  安装位置及用途: None...
  设备编号: None...
  是否联锁: None...
  工艺条件_介质名称: None...
  工艺条件_设计温度: None...
  工艺条件_阀前压力: None...
  工艺条件_阀后压力: None...
  阀体_公称通径: None...
  阀体_连接方式及规格: None...
  阀体_材质: None...
  阀内件_阀座直径: None...
  阀内件_阀芯材质: None...
  阀内件_阀座材质: None...
  阀内件_阀杆材质: None...
  阀内件_流量特性: None...
  阀内件_泄露等级: None...
  阀内件_Cv值: None...
  执行机构_形式: None...
  执行机构_型号规格: None...
  执行机构_厂家: None...
  执行机构_作用形式: None...
  执行机构_行程: None...
  执行机构_弹簧范围: None...
  执行机构_气源压力: None...
  执行机构_故障位置: None...
  执行机构_关阀时间: None...
  执行机构_开阀时间: None...
  attachment_type: 过滤减压阀...
  attachment_name: 哈哈哈...
  attachment_grade: B...
  attachment_model: 哈哈哈...
  attachment_manufacturer: 和...
  valve_id: null...
  attachments: [{"attachment_type":"过滤减压阀","name":"哈哈哈","device_grade":"B","model":"哈哈哈","manufacturer":"和"}]...
=======================
DEBUG: attachments_json = '[{"attachment_type":"过滤减压阀","name":"哈哈哈","device_grade":"B","model":"哈哈哈","manufacturer":"和"}]'
DEBUG: parsed attachments = [{'attachment_type': '过滤减压阀', 'name': '哈哈哈', 'device_grade': 'B', 'model': '哈哈哈', 'manufacturer': '和'}]
=== DEBUG FORM DATA ===
  位号: 呃呃呃呃...
  名称: 呃呃呃呃...
  装置名称: 呃呃呃...
  设备等级: None...
  型号规格: None...
  生产厂家: None...
  安装位置及用途: None...
  设备编号: None...
  是否联锁: None...
  工艺条件_介质名称: None...
  工艺条件_设计温度: None...
  工艺条件_阀前压力: None...
  工艺条件_阀后压力: None...
  阀体_公称通径: None...
  阀体_连接方式及规格: None...
  阀体_材质: None...
  阀内件_阀座直径: None...
  阀内件_阀芯材质: None...
  阀内件_阀座材质: None...
  阀内件_阀杆材质: None...
  阀内件_流量特性: None...
  阀内件_泄露等级: None...
  阀内件_Cv值: None...
  执行机构_形式: None...
  执行机构_型号规格: None...
  执行机构_厂家: None...
  执行机构_作用形式: None...
  执行机构_行程: None...
  执行机构_弹簧范围: None...
  执行机构_气源压力: None...
  执行机构_故障位置: None...
  执行机构_关阀时间: None...
  执行机构_开阀时间: None...
  attachment_type: None...
  attachment_name: None...
  attachment_grade: None...
  attachment_model: None...
  attachment_manufacturer: None...
  valve_id: null...
  attachments: []...
=======================
DEBUG: attachments_json = '[]'
DEBUG: parsed attachments = []
=== DEBUG FORM DATA ===
  位号: 豆腐干岁的法国...
  名称: 的分公司...
  装置名称: 的风格...
  设备等级: 的风格...
  型号规格: None...
  生产厂家: None...
  安装位置及用途: None...
  设备编号: None...
  是否联锁: None...
  工艺条件_介质名称: None...
  工艺条件_设计温度: None...
  工艺条件_阀前压力: None...
  工艺条件_阀后压力: None...
  阀体_公称通径: None...
  阀体_连接方式及规格: None...
  阀体_材质: None...
  阀内件_阀座直径: None...
  阀内件_阀芯材质: None...
  阀内件_阀座材质: None...
  阀内件_阀杆材质: None...
  阀内件_流量特性: None...
  阀内件_泄露等级: None...
  阀内件_Cv值: None...
  执行机构_形式: None...
  执行机构_型号规格: None...
  执行机构_厂家: None...
  执行机构_作用形式: None...
  执行机构_行程: None...
  执行机构_弹簧范围: None...
  执行机构_气源压力: None...
  执行机构_故障位置: None...
  执行机构_关阀时间: None...
  执行机构_开阀时间: None...
  attachment_type: None...
  attachment_name: None...
  attachment_grade: None...
  attachment_model: None...
  attachment_manufacturer: None...
  valve_id: null...
  attachments: []...
=======================
DEBUG: attachments_json = '[]'
DEBUG: parsed attachments = []
=== DEBUG FORM DATA ===
  位号: 涛涛涛涛3333...
  名称: 股市跌幅高达...
  装置名称: 涛涛涛涛...
  设备等级: None...
  型号规格: None...
  生产厂家: None...
  安装位置及用途: None...
  设备编号: None...
  是否联锁: None...
  工艺条件_介质名称: None...
  工艺条件_设计温度: None...
  工艺条件_阀前压力: None...
  工艺条件_阀后压力: None...
  阀体_公称通径: None...
  阀体_连接方式及规格: None...
  阀体_材质: None...
  阀内件_阀座直径: None...
  阀内件_阀芯材质: None...
  阀内件_阀座材质: None...
  阀内件_阀杆材质: None...
  阀内件_流量特性: None...
  阀内件_泄露等级: None...
  阀内件_Cv值: None...
  执行机构_形式: None...
  执行机构_型号规格: None...
  执行机构_厂家: None...
  执行机构_作用形式: None...
  执行机构_行程: None...
  执行机构_弹簧范围: None...
  执行机构_气源压力: None...
  执行机构_故障位置: None...
  执行机构_关阀时间: None...
  执行机构_开阀时间: None...
  attachment_type: None...
  attachment_name: None...
  attachment_grade: None...
  attachment_model: None...
  attachment_manufacturer: None...
  valve_id: null...
  attachments: []...
=======================
DEBUG: attachments_json = '[]'
DEBUG: parsed attachments = []
